"GET /admin/login/?next=/admin/ HTTP/1.1" 200 2836
"GET /static/vendor/adminlte/js/adminlte.min.js HTTP/1.1" 200 44244
"GET /static/vendor/fontawesome-free/css/all.min.css HTTP/1.1" 200 59344
"GET /static/jazzmin/css/main.css HTTP/1.1" 200 16672
"GET /static/vendor/adminlte/img/AdminLTELogo.png HTTP/1.1" 200 2637
"GET /static/vendor/bootstrap/js/bootstrap.min.js HTTP/1.1" 200 62440
"GET /static/admin/js/vendor/jquery/jquery.js HTTP/1.1" 200 288580
"GET /static/vendor/adminlte/css/adminlte.min.css HTTP/1.1" 200 1382975
"GET /static/vendor/fontawesome-free/webfonts/fa-solid-900.woff2 HTTP/1.1" 200 78196
"GET / HTTP/1.1" 200 7829
"GET /static/css/style.css HTTP/1.1" 200 3355
"GET /static/img/mark.svg HTTP/1.1" 200 1052
"GET /static/img/value.svg HTTP/1.1" 200 2771
"GET /static/js/style.js HTTP/1.1" 200 570
"GET /static/img/vector-illustration.svg HTTP/1.1" 200 23439
"GET /static/img/clock.svg HTTP/1.1" 200 3535
"GET /static/img/Logo%20gold.png HTTP/1.1" 200 179176
"GET /admin/login/?next=/admin/ HTTP/1.1" 200 2836
"GET /static/vendor/adminlte/css/adminlte.min.css HTTP/1.1" 304 0
"GET /static/vendor/fontawesome-free/css/all.min.css HTTP/1.1" 304 0
"GET /static/jazzmin/css/main.css HTTP/1.1" 304 0
"GET /static/admin/js/vendor/jquery/jquery.js HTTP/1.1" 304 0
"GET /static/vendor/bootstrap/js/bootstrap.min.js HTTP/1.1" 304 0
"GET /static/vendor/adminlte/img/AdminLTELogo.png HTTP/1.1" 304 0
"GET /static/vendor/adminlte/js/adminlte.min.js HTTP/1.1" 304 0
"GET /static/vendor/fontawesome-free/webfonts/fa-solid-900.woff2 HTTP/1.1" 304 0
"GET / HTTP/1.1" 200 7829
Requested Range Not Satisfiable: /static/css/style.css
"GET /static/css/style.css HTTP/1.1" 416 0
"GET /static/css/style.css HTTP/1.1" 200 3355
"GET /static/js/style.js HTTP/1.1" 304 0
"GET /static/img/mark.svg HTTP/1.1" 304 0
"GET /static/img/value.svg HTTP/1.1" 304 0
"GET /static/img/Logo%20gold.png HTTP/1.1" 304 0
"GET /static/img/vector-illustration.svg HTTP/1.1" 304 0
"GET /static/img/clock.svg HTTP/1.1" 304 0
"GET / HTTP/1.1" 200 7215
"GET /static/css/style.css HTTP/1.1" 200 3355
"GET /static/js/style.js HTTP/1.1" 200 570
"GET /admin/ HTTP/1.1" 200 34019
"GET /static/vendor/fontawesome-free/css/all.min.css HTTP/1.1" 304 0
"GET /static/vendor/adminlte/css/adminlte.min.css HTTP/1.1" 304 0
"GET /static/jazzmin/css/main.css HTTP/1.1" 304 0
"GET /static/vendor/bootstrap/js/bootstrap.min.js HTTP/1.1" 304 0
"GET /static/admin/js/vendor/jquery/jquery.js HTTP/1.1" 304 0
"GET /static/vendor/adminlte/img/AdminLTELogo.png HTTP/1.1" 304 0
"GET /static/jazzmin/js/main.js HTTP/1.1" 304 0
"GET /static/vendor/adminlte/js/adminlte.min.js HTTP/1.1" 304 0
"GET / HTTP/1.1" 200 7829
"GET /static/css/style.css HTTP/1.1" 200 3355
"GET /static/img/Logo%20gold.png HTTP/1.1" 304 0
"GET /static/img/value.svg HTTP/1.1" 304 0
"GET /static/js/style.js HTTP/1.1" 304 0
"GET /static/img/vector-illustration.svg HTTP/1.1" 304 0
"GET /static/img/mark.svg HTTP/1.1" 304 0
"GET /static/img/clock.svg HTTP/1.1" 304 0
Watching for file changes with StatReloader
"GET / HTTP/1.1" 200 7829
Requested Range Not Satisfiable: /static/css/style.css
"GET /static/css/style.css HTTP/1.1" 416 0
"GET /static/css/style.css HTTP/1.1" 200 3355
"GET /static/img/favicon.ico HTTP/1.1" 200 1150
"GET /logistics/dispatch/login/ HTTP/1.1" 200 5266
"POST /logistics/dispatch/login/ HTTP/1.1" 302 0
"GET /logistics/dispatch/search/ HTTP/1.1" 200 4097
"GET /logistics/dispatch/search/ HTTP/1.1" 200 3935
"GET /logistics/dispatch/search/ HTTP/1.1" 200 3935
"GET /static/css/style.css HTTP/1.1" 304 0
"GET /static/js/style.js HTTP/1.1" 304 0
"GET /static/img/Logo%20gold.png HTTP/1.1" 304 0
"GET /static/img/favicon.ico HTTP/1.1" 304 0
"GET /logistics/dispatch/search/ HTTP/1.1" 200 3935
"GET /logistics/dispatch/search/ HTTP/1.1" 200 3935
"GET /static/css/style.css HTTP/1.1" 304 0
"GET /static/img/Logo%20gold.png HTTP/1.1" 304 0
"GET /static/js/style.js HTTP/1.1" 304 0
"GET /static/img/favicon.ico HTTP/1.1" 304 0
"GET /logistics/dispatch/search/ HTTP/1.1" 302 0
"GET /logistics/dispatch/login/?dispatch_search=/logistics/dispatch/search/ HTTP/1.1" 200 5266
"GET /static/css/style.css HTTP/1.1" 200 3355
"GET /static/js/style.js HTTP/1.1" 200 570
"GET /static/img/Logo%20gold.png HTTP/1.1" 200 179176
"GET /static/img/favicon.ico HTTP/1.1" 200 1150
"GET /logistics/dispatch/login/ HTTP/1.1" 200 5266
"POST /logistics/dispatch/login/ HTTP/1.1" 302 0
"GET /logistics/dispatch/search/ HTTP/1.1" 200 4097
"GET /logistics/dispatch/search/ HTTP/1.1" 200 3935
"GET /logistics/dispatch/search/ HTTP/1.1" 200 3935
"GET /static/js/style.js HTTP/1.1" 304 0
"GET /static/css/style.css HTTP/1.1" 304 0
"GET /static/img/Logo%20gold.png HTTP/1.1" 304 0
"GET / HTTP/1.1" 200 7215
"GET /static/css/style.css HTTP/1.1" 200 3355
"GET /static/img/value.svg HTTP/1.1" 200 2771
"GET /static/img/vector-illustration.svg HTTP/1.1" 200 23439
"GET /static/img/Logo%20gold.png HTTP/1.1" 200 179176
"GET /static/img/clock.svg HTTP/1.1" 200 3535
"GET /static/js/style.js HTTP/1.1" 200 570
"GET /static/img/mark.svg HTTP/1.1" 200 1052
"GET /logistics/search-page/ HTTP/1.1" 200 3924
"GET /admin/logistics/logistic/ HTTP/1.1" 200 24358
Watching for file changes with StatReloader
"GET /admin/logistics/logistic/ HTTP/1.1" 200 24358
"GET /static/vendor/fontawesome-free/css/all.min.css HTTP/1.1" 304 0
"GET /static/vendor/adminlte/css/adminlte.min.css HTTP/1.1" 304 0
"GET /static/jazzmin/css/main.css HTTP/1.1" 304 0
"GET /static/vendor/select2/css/select2.min.css HTTP/1.1" 200 16264
"GET /static/admin/js/actions.js HTTP/1.1" 200 7872
"GET /static/admin/js/jquery.init.js HTTP/1.1" 200 347
"GET /static/admin/js/urlify.js HTTP/1.1" 200 7902
"GET /static/admin/js/vendor/jquery/jquery.min.js HTTP/1.1" 200 89501
"GET /static/admin/js/admin/RelatedObjectLookups.js HTTP/1.1" 200 5984
"GET /static/admin/js/core.js HTTP/1.1" 200 5698
"GET /admin/jsi18n/ HTTP/1.1" 200 3343
"GET /static/jazzmin/js/main.js HTTP/1.1" 304 0
"GET /static/vendor/adminlte/js/adminlte.min.js HTTP/1.1" 304 0
"GET /static/admin/js/vendor/jquery/jquery.js HTTP/1.1" 304 0
"GET /static/vendor/bootstrap/js/bootstrap.min.js HTTP/1.1" 304 0
"GET /static/admin/js/vendor/xregexp/xregexp.min.js HTTP/1.1" 200 125266
"GET /static/admin/js/prepopulate.js HTTP/1.1" 200 1531
"GET /static/vendor/adminlte/img/AdminLTELogo.png HTTP/1.1" 304 0
"GET /static/vendor/select2/js/select2.min.js HTTP/1.1" 200 73170
"GET /static/jazzmin/js/change_list.js HTTP/1.1" 200 2222
"GET /static/vendor/fontawesome-free/webfonts/fa-solid-900.woff2 HTTP/1.1" 200 78196
"GET /static/vendor/fontawesome-free/webfonts/fa-regular-400.woff2 HTTP/1.1" 200 13276
"GET /admin/logistics/logistic/add/ HTTP/1.1" 200 27780
"GET /admin/jsi18n/ HTTP/1.1" 200 3343
"GET /static/admin/img/icon-changelink.svg HTTP/1.1" 200 380
"GET /static/admin/img/icon-addlink.svg HTTP/1.1" 200 331
"GET /static/jazzmin/js/change_form.js HTTP/1.1" 200 6002
"GET /static/ckeditor/ckeditor-init.js HTTP/1.1" 200 1525
"GET /static/ckeditor/ckeditor/ckeditor.js HTTP/1.1" 200 753458
"GET /static/admin/js/prepopulate_init.js HTTP/1.1" 200 492
"GET /static/admin/js/change_form.js HTTP/1.1" 200 606
"GET /static/ckeditor/ckeditor/config.js?t=M2G9 HTTP/1.1" 200 336
"GET /static/ckeditor/ckeditor/lang/en.js?t=M2G9 HTTP/1.1" 200 17445
"GET /static/ckeditor/ckeditor/skins/moono-lisa/editor_gecko.css?t=M2G9 HTTP/1.1" 200 48390
"GET /static/ckeditor/ckeditor/styles.js?t=M2G9 HTTP/1.1" 200 5577
"GET /static/ckeditor/ckeditor/plugins/scayt/dialogs/dialog.css?t=M2G9 HTTP/1.1" 200 419
"GET /static/ckeditor/ckeditor/plugins/scayt/skins/moono-lisa/scayt.css?t=M2G9 HTTP/1.1" 200 381
"GET /static/ckeditor/ckeditor/plugins/tableselection/styles/tableselection.css?t=M2G9 HTTP/1.1" 200 1145
"GET /static/ckeditor/ckeditor/plugins/dialog/styles/dialog.css?t=M2G9 HTTP/1.1" 200 249
"GET /static/ckeditor/ckeditor/plugins/copyformatting/styles/copyformatting.css?t=M2G9 HTTP/1.1" 200 1511
"GET /static/ckeditor/ckeditor/plugins/icons.png?t=M2G9 HTTP/1.1" 200 12237
"GET /static/ckeditor/ckeditor/skins/moono-lisa/icons.png?t=5fe059002f HTTP/1.1" 200 12237
"GET /static/ckeditor/ckeditor/contents.css?t=M2G9 HTTP/1.1" 200 3092
/home/baytech/Desktop/mog_dynamics/mog_dynamic/settings.py changed, reloading.
Watching for file changes with StatReloader
/home/baytech/Desktop/mog_dynamics/mog_dynamic/settings.py changed, reloading.
Watching for file changes with StatReloader
"GET /admin/logistics/logistic/add/ HTTP/1.1" 200 27780
"GET /static/vendor/fontawesome-free/css/all.min.css HTTP/1.1" 304 0
"GET /static/vendor/adminlte/css/adminlte.min.css HTTP/1.1" 304 0
"GET /static/jazzmin/css/main.css HTTP/1.1" 304 0
"GET /static/admin/js/jquery.init.js HTTP/1.1" 200 347
"GET /static/admin/js/core.js HTTP/1.1" 200 5698
"GET /static/vendor/select2/css/select2.min.css HTTP/1.1" 200 16264
"GET /static/ckeditor/ckeditor-init.js HTTP/1.1" 200 1525
"GET /admin/jsi18n/ HTTP/1.1" 200 3343
"GET /static/admin/js/actions.js HTTP/1.1" 200 7872
"GET /static/admin/js/urlify.js HTTP/1.1" 200 7902
"GET /static/admin/js/prepopulate.js HTTP/1.1" 200 1531
"GET /static/admin/js/admin/RelatedObjectLookups.js HTTP/1.1" 200 5984
"GET /static/admin/js/vendor/jquery/jquery.min.js HTTP/1.1" 200 89501
"GET /static/admin/js/change_form.js HTTP/1.1" 200 606
"GET /static/vendor/select2/js/select2.min.js HTTP/1.1" 200 73170
"GET /static/admin/js/vendor/xregexp/xregexp.min.js HTTP/1.1" 200 125266
"GET /static/admin/js/prepopulate_init.js HTTP/1.1" 200 492
"GET /static/jazzmin/js/change_form.js HTTP/1.1" 200 6002
"GET /static/ckeditor/ckeditor/ckeditor.js HTTP/1.1" 304 0
"GET /static/admin/js/vendor/jquery/jquery.js HTTP/1.1" 304 0
"GET /static/vendor/bootstrap/js/bootstrap.min.js HTTP/1.1" 304 0
"GET /static/vendor/adminlte/js/adminlte.min.js HTTP/1.1" 304 0
"GET /static/jazzmin/js/main.js HTTP/1.1" 304 0
"GET /static/vendor/adminlte/img/AdminLTELogo.png HTTP/1.1" 200 2637
"GET /static/admin/img/icon-changelink.svg HTTP/1.1" 200 380
"GET /static/admin/img/icon-addlink.svg HTTP/1.1" 200 331
"GET /static/ckeditor/ckeditor/config.js?t=M2G9 HTTP/1.1" 200 336
"GET /static/ckeditor/ckeditor/lang/en.js?t=M2G9 HTTP/1.1" 200 17445
"GET /static/ckeditor/ckeditor/skins/moono-lisa/editor_gecko.css?t=M2G9 HTTP/1.1" 200 48390
"GET /static/ckeditor/ckeditor/styles.js?t=M2G9 HTTP/1.1" 200 5577
"GET /static/ckeditor/ckeditor/plugins/dialog/styles/dialog.css?t=M2G9 HTTP/1.1" 200 249
"GET /static/ckeditor/ckeditor/plugins/scayt/dialogs/dialog.css?t=M2G9 HTTP/1.1" 200 419
"GET /static/ckeditor/ckeditor/plugins/copyformatting/styles/copyformatting.css?t=M2G9 HTTP/1.1" 200 1511
"GET /static/ckeditor/ckeditor/plugins/tableselection/styles/tableselection.css?t=M2G9 HTTP/1.1" 200 1145
"GET /static/ckeditor/ckeditor/plugins/scayt/skins/moono-lisa/scayt.css?t=M2G9 HTTP/1.1" 200 381
"GET /static/ckeditor/ckeditor/skins/moono-lisa/icons.png?t=5fe059002f HTTP/1.1" 200 12237
"GET /static/ckeditor/ckeditor/contents.css?t=M2G9 HTTP/1.1" 200 3092
"GET /admin/ HTTP/1.1" 200 34017
"GET /admin/logistics/logistic/ HTTP/1.1" 200 24358
"GET /admin/jsi18n/ HTTP/1.1" 200 3343
"GET /static/jazzmin/js/change_list.js HTTP/1.1" 200 2222
"GET /admin/logistics/logistic/1/change/ HTTP/1.1" 200 28752
"GET /admin/jsi18n/ HTTP/1.1" 200 3343
"GET /admin/logistics/logistic/1/change/ HTTP/1.1" 200 28752
"GET /static/vendor/fontawesome-free/css/all.min.css HTTP/1.1" 304 0
"GET /static/vendor/adminlte/css/adminlte.min.css HTTP/1.1" 304 0
"GET /admin/jsi18n/ HTTP/1.1" 200 3343
"GET /static/jazzmin/css/main.css HTTP/1.1" 304 0
"GET /static/admin/js/vendor/jquery/jquery.min.js HTTP/1.1" 200 89501
"GET /static/ckeditor/ckeditor-init.js HTTP/1.1" 200 1525
"GET /static/admin/js/admin/RelatedObjectLookups.js HTTP/1.1" 200 5984
"GET /static/ckeditor/ckeditor/ckeditor.js HTTP/1.1" 304 0
"GET /static/admin/js/actions.js HTTP/1.1" 200 7872
"GET /static/vendor/select2/css/select2.min.css HTTP/1.1" 304 0
"GET /static/admin/js/change_form.js HTTP/1.1" 200 606
"GET /static/admin/js/vendor/xregexp/xregexp.min.js HTTP/1.1" 200 125266
"GET /static/admin/js/urlify.js HTTP/1.1" 200 7902
"GET /static/admin/js/prepopulate.js HTTP/1.1" 200 1531
"GET /static/admin/js/prepopulate_init.js HTTP/1.1" 304 0
"GET /static/admin/js/vendor/jquery/jquery.js HTTP/1.1" 304 0
"GET /static/admin/js/jquery.init.js HTTP/1.1" 200 347
"GET /static/vendor/bootstrap/js/bootstrap.min.js HTTP/1.1" 304 0
"GET /static/vendor/adminlte/js/adminlte.min.js HTTP/1.1" 304 0
"GET /static/admin/js/core.js HTTP/1.1" 200 5698
"GET /static/jazzmin/js/change_form.js HTTP/1.1" 304 0
"GET /static/vendor/select2/js/select2.min.js HTTP/1.1" 200 73170
"GET /static/jazzmin/js/main.js HTTP/1.1" 304 0
"GET /static/vendor/adminlte/img/AdminLTELogo.png HTTP/1.1" 304 0
"GET /static/admin/img/icon-changelink.svg HTTP/1.1" 304 0
"GET /static/admin/img/icon-addlink.svg HTTP/1.1" 304 0
"GET /static/ckeditor/ckeditor/config.js?t=M2G9 HTTP/1.1" 304 0
"GET /static/ckeditor/ckeditor/skins/moono-lisa/editor_gecko.css?t=M2G9 HTTP/1.1" 304 0
"GET /static/ckeditor/ckeditor/lang/en.js?t=M2G9 HTTP/1.1" 304 0
"GET /static/ckeditor/ckeditor/styles.js?t=M2G9 HTTP/1.1" 304 0
"GET /static/ckeditor/ckeditor/plugins/tableselection/styles/tableselection.css?t=M2G9 HTTP/1.1" 304 0
"GET /static/ckeditor/ckeditor/plugins/scayt/dialogs/dialog.css?t=M2G9 HTTP/1.1" 304 0
"GET /static/ckeditor/ckeditor/plugins/dialog/styles/dialog.css?t=M2G9 HTTP/1.1" 304 0
"GET /static/ckeditor/ckeditor/plugins/copyformatting/styles/copyformatting.css?t=M2G9 HTTP/1.1" 304 0
"GET /static/ckeditor/ckeditor/plugins/scayt/skins/moono-lisa/scayt.css?t=M2G9 HTTP/1.1" 304 0
"GET /static/ckeditor/ckeditor/skins/moono-lisa/icons.png?t=5fe059002f HTTP/1.1" 304 0
"GET /static/ckeditor/ckeditor/contents.css?t=M2G9 HTTP/1.1" 304 0
"POST /admin/logistics/logistic/1/change/ HTTP/1.1" 302 0
"GET /admin/logistics/logistic/ HTTP/1.1" 200 24969
"GET /admin/jsi18n/ HTTP/1.1" 200 3343
"GET /static/jazzmin/js/change_list.js HTTP/1.1" 304 0
"GET /logistics/tracking-result/?q=2066154301 HTTP/1.1" 200 6988
"GET /static/css/style.css HTTP/1.1" 200 3529
"GET /static/js/style.js HTTP/1.1" 200 570
"GET /static/img/Logo%20gold.png HTTP/1.1" 200 179176
"GET /static/img/favicon.ico HTTP/1.1" 200 1150
"GET /logistics/dispatch/search/ HTTP/1.1" 200 4150
"GET /static/ckeditor/ckeditor-init.js HTTP/1.1" 200 1525
"GET /static/css/style.css HTTP/1.1" 304 0
"GET /static/js/style.js HTTP/1.1" 304 0
"GET /static/img/Logo%20gold.png HTTP/1.1" 304 0
"GET /static/ckeditor/ckeditor/ckeditor.js HTTP/1.1" 200 753458
"GET /logistics/dispatch/search/ HTTP/1.1" 200 4150
"GET /static/img/favicon.ico HTTP/1.1" 304 0
"GET /logistics/dispatch/result/?q=2066154301 HTTP/1.1" 200 7142
"GET /logistics/dispatch/1/update/ HTTP/1.1" 200 9524
"GET /static/ckeditor/ckeditor/config.js?t=M2G9 HTTP/1.1" 200 336
"GET /static/ckeditor/ckeditor/lang/en.js?t=M2G9 HTTP/1.1" 200 17445
"GET /static/ckeditor/ckeditor/skins/moono-lisa/editor.css?t=M2G9 HTTP/1.1" 200 48309
"GET /static/ckeditor/ckeditor/styles.js?t=M2G9 HTTP/1.1" 200 5577
"GET /static/ckeditor/ckeditor/plugins/scayt/skins/moono-lisa/scayt.css?t=M2G9 HTTP/1.1" 200 381
"GET /static/ckeditor/ckeditor/plugins/scayt/dialogs/dialog.css?t=M2G9 HTTP/1.1" 200 419
"GET /static/ckeditor/ckeditor/plugins/tableselection/styles/tableselection.css?t=M2G9 HTTP/1.1" 200 1145
"GET /static/ckeditor/ckeditor/plugins/dialog/styles/dialog.css?t=M2G9 HTTP/1.1" 200 249
"GET /static/ckeditor/ckeditor/plugins/copyformatting/styles/copyformatting.css?t=M2G9 HTTP/1.1" 200 1511
"GET /static/ckeditor/ckeditor/skins/moono-lisa/icons.png?t=5fe059002f HTTP/1.1" 200 12237
"GET /static/ckeditor/ckeditor/contents.css?t=M2G9 HTTP/1.1" 200 3092
"GET /admin/logistics/logistic/ HTTP/1.1" 200 24358
"GET /admin/jsi18n/ HTTP/1.1" 200 3343
"GET /static/admin/js/vendor/jquery/jquery.min.js HTTP/1.1" 304 0
"GET /static/admin/js/prepopulate.js HTTP/1.1" 304 0
"GET /static/admin/js/urlify.js HTTP/1.1" 304 0
"GET /static/admin/js/jquery.init.js HTTP/1.1" 304 0
"GET /static/admin/js/vendor/jquery/jquery.js HTTP/1.1" 304 0
"GET /static/admin/js/actions.js HTTP/1.1" 304 0
"GET /static/vendor/bootstrap/js/bootstrap.min.js HTTP/1.1" 304 0
"GET /static/vendor/adminlte/js/adminlte.min.js HTTP/1.1" 304 0
"GET /static/admin/js/core.js HTTP/1.1" 304 0
"GET /static/admin/js/admin/RelatedObjectLookups.js HTTP/1.1" 304 0
"GET /static/admin/js/vendor/xregexp/xregexp.min.js HTTP/1.1" 304 0
"GET /static/jazzmin/js/main.js HTTP/1.1" 304 0
"GET /static/jazzmin/js/change_list.js HTTP/1.1" 304 0
"GET /static/vendor/select2/js/select2.min.js HTTP/1.1" 304 0
"GET /static/vendor/adminlte/css/adminlte.min.css HTTP/1.1" 304 0
"GET /static/vendor/select2/css/select2.min.css HTTP/1.1" 200 16264
"GET /static/jazzmin/css/main.css HTTP/1.1" 200 16672
"GET /static/vendor/fontawesome-free/css/all.min.css HTTP/1.1" 200 59344
"GET /static/vendor/adminlte/img/AdminLTELogo.png HTTP/1.1" 304 0
"GET /admin/logistics/logistic/1/change/ HTTP/1.1" 200 28752
"GET /static/ckeditor/ckeditor/ckeditor.js HTTP/1.1" 304 0
"GET /static/ckeditor/ckeditor-init.js HTTP/1.1" 304 0
"GET /admin/jsi18n/ HTTP/1.1" 200 3343
"GET /static/admin/img/icon-addlink.svg HTTP/1.1" 304 0
"GET /static/admin/js/prepopulate_init.js HTTP/1.1" 304 0
"GET /static/admin/js/change_form.js HTTP/1.1" 304 0
"GET /static/admin/img/icon-changelink.svg HTTP/1.1" 304 0
"GET /static/jazzmin/js/change_form.js HTTP/1.1" 304 0
"GET /static/ckeditor/ckeditor/config.js?t=M2G9 HTTP/1.1" 304 0
"GET /static/ckeditor/ckeditor/skins/moono-lisa/editor_gecko.css?t=M2G9 HTTP/1.1" 304 0
"GET /static/ckeditor/ckeditor/lang/en.js?t=M2G9 HTTP/1.1" 304 0
"GET /static/ckeditor/ckeditor/styles.js?t=M2G9 HTTP/1.1" 304 0
"GET /static/ckeditor/ckeditor/plugins/scayt/skins/moono-lisa/scayt.css?t=M2G9 HTTP/1.1" 304 0
"GET /static/ckeditor/ckeditor/plugins/scayt/dialogs/dialog.css?t=M2G9 HTTP/1.1" 304 0
"GET /static/ckeditor/ckeditor/plugins/tableselection/styles/tableselection.css?t=M2G9 HTTP/1.1" 304 0
"GET /static/ckeditor/ckeditor/plugins/dialog/styles/dialog.css?t=M2G9 HTTP/1.1" 304 0
"GET /static/ckeditor/ckeditor/plugins/copyformatting/styles/copyformatting.css?t=M2G9 HTTP/1.1" 304 0
"GET /static/ckeditor/ckeditor/skins/moono-lisa/icons.png?t=5fe059002f HTTP/1.1" 304 0
"GET /static/ckeditor/ckeditor/contents.css?t=M2G9 HTTP/1.1" 304 0
"POST /admin/logistics/logistic/1/change/ HTTP/1.1" 302 0
"GET /admin/logistics/logistic/ HTTP/1.1" 200 24970
"GET /admin/jsi18n/ HTTP/1.1" 200 3343
"GET /admin/logistics/logistic/ HTTP/1.1" 200 24359
"GET /admin/jsi18n/ HTTP/1.1" 200 3343
"GET /admin/logistics/logistic/add/ HTTP/1.1" 200 27780
"GET /admin/jsi18n/ HTTP/1.1" 200 3343
"GET /logistics/dispatch/1/update/ HTTP/1.1" 200 9524
"GET /static/img/Logo%20gold.png HTTP/1.1" 304 0
"GET /static/css/style.css HTTP/1.1" 304 0
"GET /static/ckeditor/ckeditor/ckeditor.js HTTP/1.1" 304 0
"GET /static/ckeditor/ckeditor-init.js HTTP/1.1" 304 0
"GET /static/js/style.js HTTP/1.1" 304 0
"GET /static/ckeditor/ckeditor/config.js?t=M2G9 HTTP/1.1" 304 0
"GET /static/ckeditor/ckeditor/skins/moono-lisa/editor.css?t=M2G9 HTTP/1.1" 304 0
"GET /static/ckeditor/ckeditor/lang/en.js?t=M2G9 HTTP/1.1" 304 0
"GET /static/img/favicon.ico HTTP/1.1" 304 0
"GET /static/ckeditor/ckeditor/styles.js?t=M2G9 HTTP/1.1" 304 0
"GET /static/ckeditor/ckeditor/plugins/scayt/skins/moono-lisa/scayt.css?t=M2G9 HTTP/1.1" 304 0
"GET /static/ckeditor/ckeditor/plugins/scayt/dialogs/dialog.css?t=M2G9 HTTP/1.1" 304 0
"GET /static/ckeditor/ckeditor/plugins/tableselection/styles/tableselection.css?t=M2G9 HTTP/1.1" 304 0
"GET /static/ckeditor/ckeditor/plugins/dialog/styles/dialog.css?t=M2G9 HTTP/1.1" 304 0
"GET /static/ckeditor/ckeditor/plugins/copyformatting/styles/copyformatting.css?t=M2G9 HTTP/1.1" 304 0
"GET /static/ckeditor/ckeditor/skins/moono-lisa/icons.png?t=5fe059002f HTTP/1.1" 304 0
"GET /static/ckeditor/ckeditor/contents.css?t=M2G9 HTTP/1.1" 304 0
/home/baytech/Desktop/mog_dynamics/apps/logistics/models.py changed, reloading.
Watching for file changes with StatReloader
/home/baytech/Desktop/mog_dynamics/apps/logistics/models.py changed, reloading.
Watching for file changes with StatReloader
/home/baytech/Desktop/mog_dynamics/apps/logistics/models.py changed, reloading.
Watching for file changes with StatReloader
/home/baytech/Desktop/mog_dynamics/mog_dynamic/urls.py changed, reloading.
Watching for file changes with StatReloader
/home/baytech/Desktop/mog_dynamics/mog_dynamic/urls.py changed, reloading.
Watching for file changes with StatReloader
/home/baytech/Desktop/mog_dynamics/mog_dynamic/urls.py changed, reloading.
Watching for file changes with StatReloader
/home/baytech/Desktop/mog_dynamics/mog_dynamic/urls.py changed, reloading.
Watching for file changes with StatReloader
/home/baytech/Desktop/mog_dynamics/apps/logistics/models.py changed, reloading.
Watching for file changes with StatReloader
/home/baytech/Desktop/mog_dynamics/mog_dynamic/settings.py changed, reloading.
Watching for file changes with StatReloader
/home/baytech/Desktop/mog_dynamics/mog_dynamic/settings.py changed, reloading.
Watching for file changes with StatReloader
"GET /logistics/tracking-result/?q=2066154301 HTTP/1.1" 200 6989
"GET /static/js/style.js HTTP/1.1" 304 0
"GET /static/ckeditor/ckeditor/ckeditor.js HTTP/1.1" 304 0
"GET /static/css/style.css HTTP/1.1" 200 3529
"GET /static/ckeditor/ckeditor-init.js HTTP/1.1" 304 0
"GET /static/img/Logo%20gold.png HTTP/1.1" 304 0
"GET /static/img/favicon.ico HTTP/1.1" 200 1150
"GET /admin/logistics/logistic/add/ HTTP/1.1" 200 27910
"GET /static/admin/js/vendor/jquery/jquery.min.js HTTP/1.1" 304 0
"GET /static/admin/js/jquery.init.js HTTP/1.1" 304 0
"GET /static/admin/js/core.js HTTP/1.1" 304 0
"GET /admin/jsi18n/ HTTP/1.1" 200 3343
"GET /static/admin/js/admin/RelatedObjectLookups.js HTTP/1.1" 304 0
"GET /static/admin/js/actions.js HTTP/1.1" 304 0
"GET /static/admin/js/vendor/xregexp/xregexp.min.js HTTP/1.1" 304 0
"GET /static/admin/js/urlify.js HTTP/1.1" 304 0
"GET /static/admin/js/prepopulate.js HTTP/1.1" 304 0
"GET /static/admin/js/change_form.js HTTP/1.1" 304 0
"GET /static/admin/js/prepopulate_init.js HTTP/1.1" 304 0
"GET /static/admin/js/vendor/jquery/jquery.js HTTP/1.1" 304 0
"GET /static/vendor/adminlte/js/adminlte.min.js HTTP/1.1" 304 0
"GET /static/jazzmin/js/main.js HTTP/1.1" 304 0
"GET /static/jazzmin/js/change_form.js HTTP/1.1" 304 0
"GET /static/vendor/bootstrap/js/bootstrap.min.js HTTP/1.1" 304 0
"GET /static/vendor/fontawesome-free/css/all.min.css HTTP/1.1" 200 59344
"GET /static/vendor/select2/css/select2.min.css HTTP/1.1" 304 0
"GET /static/jazzmin/css/main.css HTTP/1.1" 304 0
"GET /static/vendor/adminlte/css/adminlte.min.css HTTP/1.1" 304 0
"GET /static/vendor/select2/js/select2.min.js HTTP/1.1" 304 0
"GET /static/vendor/adminlte/img/AdminLTELogo.png HTTP/1.1" 304 0
"GET /static/admin/img/icon-addlink.svg HTTP/1.1" 304 0
"GET /static/admin/img/icon-changelink.svg HTTP/1.1" 304 0
"GET /static/ckeditor/ckeditor/config.js?t=M2G9 HTTP/1.1" 304 0
"GET /static/ckeditor/ckeditor/skins/moono-lisa/editor_gecko.css?t=M2G9 HTTP/1.1" 304 0
"GET /static/ckeditor/ckeditor/lang/en.js?t=M2G9 HTTP/1.1" 304 0
"GET /static/ckeditor/ckeditor/styles.js?t=M2G9 HTTP/1.1" 304 0
"GET /static/ckeditor/ckeditor/plugins/scayt/skins/moono-lisa/scayt.css?t=M2G9 HTTP/1.1" 304 0
"GET /static/ckeditor/ckeditor/plugins/scayt/dialogs/dialog.css?t=M2G9 HTTP/1.1" 304 0
"GET /static/ckeditor/ckeditor/plugins/tableselection/styles/tableselection.css?t=M2G9 HTTP/1.1" 304 0
"GET /static/ckeditor/ckeditor/plugins/dialog/styles/dialog.css?t=M2G9 HTTP/1.1" 304 0
"GET /static/ckeditor/ckeditor/plugins/copyformatting/styles/copyformatting.css?t=M2G9 HTTP/1.1" 304 0
"GET /static/ckeditor/ckeditor/skins/moono-lisa/icons.png?t=5fe059002f HTTP/1.1" 304 0
"GET /static/ckeditor/ckeditor/contents.css?t=M2G9 HTTP/1.1" 304 0
"GET /admin/shipping/shippingdetail/ HTTP/1.1" 200 23101
"GET /admin/jsi18n/ HTTP/1.1" 200 3343
"GET /static/jazzmin/js/change_list.js HTTP/1.1" 304 0
"GET /admin/shipping/shippingdetail/496b5a57-02ce-46f6-9962-84ce0d24b10a/change/ HTTP/1.1" 200 24803
"GET /admin/jsi18n/ HTTP/1.1" 200 3343
"GET /static/admin/js/calendar.js HTTP/1.1" 200 8466
"GET /static/admin/js/admin/DateTimeShortcuts.js HTTP/1.1" 200 19634
"GET /admin/shipping/shippingdetail/ HTTP/1.1" 200 23101
/home/baytech/Desktop/mog_dynamics/apps/logistics/models.py changed, reloading.
Watching for file changes with StatReloader
"GET /logistics/dispatch/1/update/ HTTP/1.1" 200 9663
"GET /static/css/style.css HTTP/1.1" 200 3529
"GET /static/img/Logo%20gold.png HTTP/1.1" 304 0
"GET /static/ckeditor/ckeditor-init.js HTTP/1.1" 304 0
"GET /static/js/style.js HTTP/1.1" 304 0
"GET /static/ckeditor/ckeditor/ckeditor.js HTTP/1.1" 304 0
"GET /static/ckeditor/ckeditor/config.js?t=M2G9 HTTP/1.1" 304 0
"GET /static/ckeditor/ckeditor/skins/moono-lisa/editor.css?t=M2G9 HTTP/1.1" 304 0
"GET /static/img/favicon.ico HTTP/1.1" 304 0
"GET /static/ckeditor/ckeditor/lang/en.js?t=M2G9 HTTP/1.1" 304 0
"GET /static/ckeditor/ckeditor/styles.js?t=M2G9 HTTP/1.1" 304 0
"GET /static/ckeditor/ckeditor/plugins/scayt/skins/moono-lisa/scayt.css?t=M2G9 HTTP/1.1" 304 0
"GET /static/ckeditor/ckeditor/plugins/tableselection/styles/tableselection.css?t=M2G9 HTTP/1.1" 304 0
"GET /static/ckeditor/ckeditor/plugins/scayt/dialogs/dialog.css?t=M2G9 HTTP/1.1" 304 0
"GET /static/ckeditor/ckeditor/plugins/dialog/styles/dialog.css?t=M2G9 HTTP/1.1" 304 0
"GET /static/ckeditor/ckeditor/plugins/copyformatting/styles/copyformatting.css?t=M2G9 HTTP/1.1" 304 0
"GET /static/ckeditor/ckeditor/skins/moono-lisa/icons.png?t=5fe059002f HTTP/1.1" 304 0
"GET /static/ckeditor/ckeditor/contents.css?t=M2G9 HTTP/1.1" 304 0
"GET /logistics/dispatch/search/ HTTP/1.1" 200 4150
"GET /static/css/style.css HTTP/1.1" 304 0
"GET /static/js/style.js HTTP/1.1" 304 0
"GET /static/ckeditor/ckeditor-init.js HTTP/1.1" 304 0
"GET /static/ckeditor/ckeditor/ckeditor.js HTTP/1.1" 304 0
"GET /static/img/Logo%20gold.png HTTP/1.1" 304 0
"GET /logistics/search-page/ HTTP/1.1" 200 4139
"POST /logistics/dispatch/logout/ HTTP/1.1" 302 0
"GET /logistics/dispatch/login/ HTTP/1.1" 200 5592
"GET /logistics/dispatch/login/ HTTP/1.1" 200 5481
"GET /static/img/favicon.ico HTTP/1.1" 304 0
"GET /shipping/track-shipment/ HTTP/1.1" 200 4734
"GET /shipping/tracking-result/?q=2066154301 HTTP/1.1" 200 4468
"GET /shipping/track-shipment/ HTTP/1.1" 200 4734
"GET /admin/shipping/shippingdetail/496b5a57-02ce-46f6-9962-84ce0d24b10a/change/ HTTP/1.1" 200 24803
"GET /admin/jsi18n/ HTTP/1.1" 200 3343
"GET /static/admin/js/vendor/jquery/jquery.min.js HTTP/1.1" 304 0
"GET /static/ckeditor/ckeditor-init.js HTTP/1.1" 304 0
"GET /static/admin/js/jquery.init.js HTTP/1.1" 304 0
"GET /static/admin/js/admin/RelatedObjectLookups.js HTTP/1.1" 304 0
"GET /static/ckeditor/ckeditor/ckeditor.js HTTP/1.1" 304 0
"GET /static/admin/js/calendar.js HTTP/1.1" 304 0
"GET /static/admin/js/admin/DateTimeShortcuts.js HTTP/1.1" 304 0
"GET /static/admin/js/core.js HTTP/1.1" 304 0
"GET /static/admin/js/actions.js HTTP/1.1" 304 0
"GET /static/admin/js/urlify.js HTTP/1.1" 304 0
"GET /static/admin/js/vendor/xregexp/xregexp.min.js HTTP/1.1" 304 0
"GET /static/admin/js/prepopulate_init.js HTTP/1.1" 304 0
"GET /static/jazzmin/js/main.js HTTP/1.1" 304 0
"GET /static/admin/js/vendor/jquery/jquery.js HTTP/1.1" 304 0
"GET /static/vendor/bootstrap/js/bootstrap.min.js HTTP/1.1" 304 0
"GET /static/vendor/adminlte/js/adminlte.min.js HTTP/1.1" 304 0
"GET /static/jazzmin/js/change_form.js HTTP/1.1" 304 0
"GET /static/vendor/select2/js/select2.min.js HTTP/1.1" 304 0
"GET /static/admin/js/change_form.js HTTP/1.1" 304 0
"GET /static/admin/js/prepopulate.js HTTP/1.1" 304 0
"GET /static/vendor/adminlte/css/adminlte.min.css HTTP/1.1" 304 0
"GET /static/vendor/select2/css/select2.min.css HTTP/1.1" 200 16264
"GET /static/vendor/fontawesome-free/css/all.min.css HTTP/1.1" 200 59344
"GET /static/jazzmin/css/main.css HTTP/1.1" 200 16672
"GET /static/vendor/adminlte/img/AdminLTELogo.png HTTP/1.1" 304 0
"GET /static/ckeditor/ckeditor/config.js?t=M2G9 HTTP/1.1" 304 0
"GET /static/ckeditor/ckeditor/lang/en.js?t=M2G9 HTTP/1.1" 304 0
"GET /static/ckeditor/ckeditor/skins/moono-lisa/editor_gecko.css?t=M2G9 HTTP/1.1" 304 0
"GET /static/ckeditor/ckeditor/styles.js?t=M2G9 HTTP/1.1" 304 0
"GET /static/ckeditor/ckeditor/plugins/scayt/skins/moono-lisa/scayt.css?t=M2G9 HTTP/1.1" 304 0
"GET /static/ckeditor/ckeditor/plugins/scayt/dialogs/dialog.css?t=M2G9 HTTP/1.1" 304 0
"GET /static/ckeditor/ckeditor/plugins/tableselection/styles/tableselection.css?t=M2G9 HTTP/1.1" 304 0
"GET /static/ckeditor/ckeditor/plugins/dialog/styles/dialog.css?t=M2G9 HTTP/1.1" 304 0
"GET /static/ckeditor/ckeditor/plugins/copyformatting/styles/copyformatting.css?t=M2G9 HTTP/1.1" 304 0
"GET /static/ckeditor/ckeditor/skins/moono-lisa/icons.png?t=5fe059002f HTTP/1.1" 304 0
"GET /static/ckeditor/ckeditor/contents.css?t=M2G9 HTTP/1.1" 304 0
"GET /logistics/search-page/ HTTP/1.1" 200 4139
"GET /static/js/style.js HTTP/1.1" 304 0
"GET /static/css/style.css HTTP/1.1" 200 3529
"GET /static/img/Logo%20gold.png HTTP/1.1" 304 0
"GET /logistics/tracking-result/?q=2066154301 HTTP/1.1" 200 6989
"GET /static/img/favicon.ico HTTP/1.1" 200 1150
"POST /admin/shipping/shippingdetail/496b5a57-02ce-46f6-9962-84ce0d24b10a/change/ HTTP/1.1" 302 0
"GET /admin/shipping/shippingdetail/ HTTP/1.1" 200 23760
"GET /static/jazzmin/js/change_list.js HTTP/1.1" 304 0
"GET /admin/jsi18n/ HTTP/1.1" 200 3343
"GET /shipping/tracking-result/?q=2066154301 HTTP/1.1" 200 4468
"GET /static/css/style.css HTTP/1.1" 304 0
"GET /static/img/Logo%20gold.png HTTP/1.1" 304 0
"GET /static/js/style.js HTTP/1.1" 304 0
"GET /static/ckeditor/ckeditor-init.js HTTP/1.1" 304 0
"GET /static/ckeditor/ckeditor/ckeditor.js HTTP/1.1" 304 0
"GET /logistics/search-page/ HTTP/1.1" 200 4753
"GET /logistics/tracking-result/?q=2066154301 HTTP/1.1" 200 7603
"GET /logistics/tracking-result/?q=2066154301 HTTP/1.1" 200 7603
"GET /static/img/favicon.ico HTTP/1.1" 304 0
"GET /admin/shipping/shippingdetail/ HTTP/1.1" 200 23130
"GET /static/admin/js/jquery.init.js HTTP/1.1" 304 0
"GET /static/admin/js/vendor/jquery/jquery.min.js HTTP/1.1" 304 0
"GET /admin/jsi18n/ HTTP/1.1" 200 3343
"GET /static/admin/js/actions.js HTTP/1.1" 304 0
"GET /static/admin/js/admin/RelatedObjectLookups.js HTTP/1.1" 304 0
"GET /static/vendor/adminlte/css/adminlte.min.css HTTP/1.1" 304 0
"GET /static/admin/js/prepopulate.js HTTP/1.1" 304 0
"GET /static/admin/js/vendor/xregexp/xregexp.min.js HTTP/1.1" 304 0
"GET /static/admin/js/core.js HTTP/1.1" 304 0
"GET /static/admin/js/urlify.js HTTP/1.1" 304 0
"GET /static/vendor/fontawesome-free/css/all.min.css HTTP/1.1" 200 59344
"GET /static/vendor/bootstrap/js/bootstrap.min.js HTTP/1.1" 304 0
"GET /static/admin/js/vendor/jquery/jquery.js HTTP/1.1" 304 0
"GET /static/jazzmin/css/main.css HTTP/1.1" 304 0
"GET /static/vendor/adminlte/js/adminlte.min.js HTTP/1.1" 304 0
"GET /static/jazzmin/js/main.js HTTP/1.1" 304 0
"GET /static/vendor/select2/css/select2.min.css HTTP/1.1" 304 0
"GET /static/vendor/select2/js/select2.min.js HTTP/1.1" 304 0
"GET /static/vendor/adminlte/img/AdminLTELogo.png HTTP/1.1" 304 0
"GET /logistics/search-page/ HTTP/1.1" 200 4753
"GET /logistics/tracking-result/?q=2066154301 HTTP/1.1" 200 7603
"GET /logistics/tracking-result/?q=2066154301 HTTP/1.1" 200 7603
"GET /static/css/style.css HTTP/1.1" 200 3529
"GET /static/ckeditor/ckeditor-init.js HTTP/1.1" 200 1525
"GET /static/js/style.js HTTP/1.1" 200 570
"GET /static/ckeditor/ckeditor/ckeditor.js HTTP/1.1" 200 753458
"GET /static/img/Logo%20gold.png HTTP/1.1" 200 179176
"GET /static/img/favicon.ico HTTP/1.1" 200 1150
"GET /logistics/tracking-result/?q=2066154301 HTTP/1.1" 200 7603
"GET /logistics/search-page/ HTTP/1.1" 200 4753
"GET /logistics/tracking-result/?q=2066154301 HTTP/1.1" 200 7603
"GET /logistics/search-page/ HTTP/1.1" 200 4753
"GET /logistics/tracking-result/?q=2066154301 HTTP/1.1" 200 7603
"GET /logistics/tracking-result/?q=2066154301 HTTP/1.1" 200 6989
"GET /static/css/style.css HTTP/1.1" 304 0
"GET /static/js/style.js HTTP/1.1" 304 0
"GET /static/img/Logo%20gold.png HTTP/1.1" 304 0
"GET /static/ckeditor/ckeditor-init.js HTTP/1.1" 304 0
"GET /static/ckeditor/ckeditor/ckeditor.js HTTP/1.1" 304 0
/home/baytech/Desktop/mog_dynamics/mog_dynamic/settings.py changed, reloading.
Watching for file changes with StatReloader
/home/baytech/Desktop/mog_dynamics/mog_dynamic/settings.py changed, reloading.
Watching for file changes with StatReloader
/home/baytech/Desktop/mog_dynamics/mog_dynamic/settings.py changed, reloading.
